Release 14.7 - xst P.20131013 (nt64)
Copyright (c) 1995-2013 Xilinx, Inc.  All rights reserved.
--> Parameter TMPDIR set to xst/projnav.tmp


Total REAL time to Xst completion: 1.00 secs
Total CPU time to Xst completion: 0.33 secs
 
--> Parameter xsthdpdir set to xst


Total REAL time to Xst completion: 1.00 secs
Total CPU time to Xst completion: 0.33 secs
 
--> Reading design: BARREL.prj

TABLE OF CONTENTS
  1) Synthesis Options Summary
  2) HDL Compilation
  3) Design Hierarchy Analysis
  4) HDL Analysis
  5) HDL Synthesis
     5.1) HDL Synthesis Report
  6) Advanced HDL Synthesis
     6.1) Advanced HDL Synthesis Report
  7) Low Level Synthesis
  8) Partition Report
  9) Final Report
	9.1) Device utilization summary
	9.2) Partition Resource Summary
	9.3) TIMING REPORT


=========================================================================
*                      Synthesis Options Summary                        *
=========================================================================
---- Source Parameters
Input File Name                    : "BARREL.prj"
Input Format                       : mixed
Ignore Synthesis Constraint File   : NO

---- Target Parameters
Output File Name                   : "BARREL"
Output Format                      : NGC
Target Device                      : xc3s250e-5-pq208

---- Source Options
Top Module Name                    : BARREL
Automatic FSM Extraction           : YES
FSM Encoding Algorithm             : Auto
Safe Implementation                : No
FSM Style                          : LUT
RAM Extraction                     : Yes
RAM Style                          : Auto
ROM Extraction                     : Yes
Mux Style                          : Auto
Decoder Extraction                 : YES
Priority Encoder Extraction        : Yes
Shift Register Extraction          : YES
Logical Shifter Extraction         : YES
XOR Collapsing                     : YES
ROM Style                          : Auto
Mux Extraction                     : Yes
Resource Sharing                   : YES
Asynchronous To Synchronous        : NO
Multiplier Style                   : Auto
Automatic Register Balancing       : No

---- Target Options
Add IO Buffers                     : YES
Global Maximum Fanout              : 100000
Add Generic Clock Buffer(BUFG)     : 24
Register Duplication               : YES
Slice Packing                      : YES
Optimize Instantiated Primitives   : NO
Use Clock Enable                   : Yes
Use Synchronous Set                : Yes
Use Synchronous Reset              : Yes
Pack IO Registers into IOBs        : Auto
Equivalent register Removal        : YES

---- General Options
Optimization Goal                  : Speed
Optimization Effort                : 1
Keep Hierarchy                     : No
Netlist Hierarchy                  : As_Optimized
RTL Output                         : Yes
Global Optimization                : AllClockNets
Read Cores                         : YES
Write Timing Constraints           : NO
Cross Clock Analysis               : NO
Hierarchy Separator                : /
Bus Delimiter                      : <>
Case Specifier                     : Maintain
Slice Utilization Ratio            : 100
BRAM Utilization Ratio             : 100
Verilog 2001                       : YES
Auto BRAM Packing                  : NO
Slice Utilization Ratio Delta      : 5

=========================================================================


=========================================================================
*                          HDL Compilation                              *
=========================================================================
Compiling vhdl file "C:/Users/Rohit/Desktop/BE project/Barrel Shifter/BARRELMUX8/BARREL.vhd" in Library work.
Entity <barrel> compiled.
Entity <barrel> (Architecture <behavioral>) compiled.
Entity <mux32_1> compiled.
Entity <mux32_1> (Architecture <behave>) compiled.

=========================================================================
*                     Design Hierarchy Analysis                         *
=========================================================================
Analyzing hierarchy for entity <BARREL> in library <work> (architecture <behavioral>).

Analyzing hierarchy for entity <mux32_1> in library <work> (architecture <behave>).


=========================================================================
*                            HDL Analysis                               *
=========================================================================
Analyzing Entity <BARREL> in library <work> (Architecture <behavioral>).
Entity <BARREL> analyzed. Unit <BARREL> generated.

Analyzing Entity <mux32_1> in library <work> (Architecture <behave>).
Entity <mux32_1> analyzed. Unit <mux32_1> generated.


=========================================================================
*                           HDL Synthesis                               *
=========================================================================

Performing bidirectional port resolution...

Synthesizing Unit <mux32_1>.
    Related source file is "C:/Users/Rohit/Desktop/BE project/Barrel Shifter/BARRELMUX8/BARREL.vhd".
    Found 1-bit 32-to-1 multiplexer for signal <y>.
    Summary:
	inferred   1 Multiplexer(s).
Unit <mux32_1> synthesized.


Synthesizing Unit <BARREL>.
    Related source file is "C:/Users/Rohit/Desktop/BE project/Barrel Shifter/BARRELMUX8/BARREL.vhd".
Unit <BARREL> synthesized.


=========================================================================
HDL Synthesis Report

Macro Statistics
# Multiplexers                                         : 32
 1-bit 32-to-1 multiplexer                             : 32

=========================================================================

=========================================================================
*                       Advanced HDL Synthesis                          *
=========================================================================


=========================================================================
Advanced HDL Synthesis Report

Macro Statistics
# Multiplexers                                         : 32
 1-bit 32-to-1 multiplexer                             : 32

=========================================================================

=========================================================================
*                         Low Level Synthesis                           *
=========================================================================

Optimizing unit <BARREL> ...

Mapping all equations...
Building and optimizing final netlist ...
Found area constraint ratio of 100 (+ 5) on block BARREL, actual ratio is 10.

Final Macro Processing ...

=========================================================================
Final Register Report

Found no macro
=========================================================================

=========================================================================
*                           Partition Report                            *
=========================================================================

Partition Implementation Status
-------------------------------

  No Partitions were found in this design.

-------------------------------

=========================================================================
*                            Final Report                               *
=========================================================================
Final Results
RTL Top Level Output File Name     : BARREL.ngr
Top Level Output File Name         : BARREL
Output Format                      : NGC
Optimization Goal                  : Speed
Keep Hierarchy                     : No

Design Statistics
# IOs                              : 69

Cell Usage :
# BELS                             : 992
#      LUT1                        : 1
#      LUT3                        : 511
#      MUXF5                       : 256
#      MUXF6                       : 128
#      MUXF7                       : 64
#      MUXF8                       : 32
# IO Buffers                       : 69
#      IBUF                        : 37
#      OBUF                        : 32
=========================================================================

Device utilization summary:
---------------------------

Selected Device : 3s250epq208-5 

 Number of Slices:                      256  out of   2448    10%  
 Number of 4 input LUTs:                512  out of   4896    10%  
 Number of IOs:                          69
 Number of bonded IOBs:                  69  out of    158    43%  

---------------------------
Partition Resource Summary:
---------------------------

  No Partitions were found in this design.

---------------------------


=========================================================================
TIMING REPORT

NOTE: THESE TIMING NUMBERS ARE ONLY A SYNTHESIS ESTIMATE.
      FOR ACCURATE TIMING INFORMATION PLEASE REFER TO THE TRACE REPORT
      GENERATED AFTER PLACE-and-ROUTE.

Clock Information:
------------------
No clock signals found in this design

Asynchronous Control Signals Information:
----------------------------------------
No asynchronous control signals found in this design

Timing Summary:
---------------
Speed Grade: -5

   Minimum period: No path found
   Minimum input arrival time before clock: No path found
   Maximum output required time after clock: No path found
   Maximum combinational path delay: 8.226ns

Timing Detail:
--------------
All values displayed in nanoseconds (ns)

=========================================================================
Timing constraint: Default path analysis
  Total number of paths / destination ports: 2014 / 32
-------------------------------------------------------------------------
Delay:               8.226ns (Levels of Logic = 7)
  Source:            sel<0> (PAD)
  Destination:       Y<31> (PAD)

  Data Path: sel<0> to Y<31>
                                Gate     Net
    Cell:in->out      fanout   Delay   Delay  Logical Name (Net Name)
    ----------------------------------------  ------------
     IBUF:I->O           511   1.106   1.351  sel_0_IBUF (sel_0_IBUF)
     LUT3:I0->O            1   0.612   0.000  M31/Mmux_y_6 (M1/Mmux_y_7)
     MUXF5:I0->O           1   0.278   0.000  M1/Mmux_y_5_f5 (M1/Mmux_y_5_f5)
     MUXF6:I1->O           1   0.451   0.000  M1/Mmux_y_4_f6 (M1/Mmux_y_4_f6)
     MUXF7:I1->O           1   0.451   0.000  M1/Mmux_y_3_f7 (M1/Mmux_y_3_f7)
     MUXF8:I1->O           1   0.451   0.357  M1/Mmux_y_2_f8 (Y_1_OBUF)
     OBUF:I->O                 3.169          Y_1_OBUF (Y<1>)
    ----------------------------------------
    Total                      8.226ns (6.518ns logic, 1.708ns route)
                                       (79.2% logic, 20.8% route)

=========================================================================


Total REAL time to Xst completion: 11.00 secs
Total CPU time to Xst completion: 11.27 secs
 
--> 

Total memory usage is 261904 kilobytes

Number of errors   :    0 (   0 filtered)
Number of warnings :    0 (   0 filtered)
Number of infos    :    0 (   0 filtered)

