Running: C:\Xilinx\14.7\ISE_DS\ISE\bin\nt64\unwrapped\fuse.exe -intstyle ise -incremental -o C:/Users/Rohit/Desktop/BE project/Barrel Shifter/BARRELMUX8/tb_isim_beh.exe -prj C:/Users/Rohit/Desktop/BE project/Barrel Shifter/BARRELMUX8/tb_beh.prj work.tb 
ISim P.20131013 (signature 0x7708f090)
Number of CPUs detected in this system: 4
Turning on mult-threading, number of parallel sub-compilation jobs: 8 
Determining compilation order of HDL files
Parsing VHDL file "C:/Users/Rohit/Desktop/BE project/Barrel Shifter/BARRELMUX8/BARREL.vhd" into library work
Parsing VHDL file "C:/Users/Rohit/Desktop/BE project/Barrel Shifter/BARRELMUX8/tb.vhd" into library work
Starting static elaboration
Completed static elaboration
Compiling package standard
Compiling package std_logic_1164
Compiling architecture behave of entity mux32_1 [mux32_1_default]
Compiling architecture behavioral of entity BARREL [barrel_default]
Compiling architecture behavior of entity tb
Time Resolution for simulation is 1ps.
Waiting for 1 sub-compilation(s) to finish...
Compiled 7 VHDL Units
Built simulation executable C:/Users/Rohit/Desktop/BE project/Barrel Shifter/BARRELMUX8/tb_isim_beh.exe
Fuse Memory Usage: 30000 KB
Fuse CPU Usage: 1825 ms
